Using pre-set license
Built from '2020.2/staging' branch; Version is '2020.2.7f1 (c53830e277f1) revision 12924976'; Using compiler version '192528614'; Build Type 'Release'
OS: 'Windows 10 Home; OS build 19042.1415; Version 2009; 64bit' Language: 'en' Physical Memory: 8108 MB
BatchMode: 1, IsHumanControllingUs: 0, StartBugReporterOnCrash: 0, Is64bit: 1, IsPro: 0

 COMMAND LINE ARGUMENTS:
C:\Program Files\Unity\Hub\Editor\2020.2.7f1\Editor\Unity.exe
-adb2
-batchMode
-noUpm
-name
AssetImportWorker1
-projectPath
C:/Users/Imade/Developements/TopDungeon
-logFile
Logs/AssetImportWorker1.log
-srvPort
59498
Successfully changed project path to: C:/Users/Imade/Developements/TopDungeon
C:/Users/Imade/Developements/TopDungeon
Using Asset Import Pipeline V2.
Refreshing native plugins compatible for Editor in 52.12 ms, found 1 plugins.
Preloading 0 native plugins for Editor in 0.00 ms.
Initialize engine version: 2020.2.7f1 (c53830e277f1)
[Subsystems] Discovering subsystems at path C:/Program Files/Unity/Hub/Editor/2020.2.7f1/Editor/Data/Resources/UnitySubsystems
[Subsystems] Discovering subsystems at path C:/Users/Imade/Developements/TopDungeon/Assets
GfxDevice: creating device client; threaded=0
Direct3D:
    Version:  Direct3D 11.0 [level 11.1]
    Renderer: Intel(R) UHD Graphics 620 (ID=0x5917)
    Vendor:   
    VRAM:     4054 MB
    Driver:   23.20.16.4849
Initialize mono
Mono path[0] = 'C:/Program Files/Unity/Hub/Editor/2020.2.7f1/Editor/Data/Managed'
Mono path[1] = 'C:/Program Files/Unity/Hub/Editor/2020.2.7f1/Editor/Data/MonoBleedingEdge/lib/mono/unityjit'
Mono config path = 'C:/Program Files/Unity/Hub/Editor/2020.2.7f1/Editor/Data/MonoBleedingEdge/etc'
Using monoOptions --debugger-agent=transport=dt_socket,embedding=1,server=y,suspend=n,address=127.0.0.1:56324
Begin MonoManager ReloadAssembly
Registering precompiled unity dll's ...
Register platform support module: C:/Program Files/Unity/Hub/Editor/2020.2.7f1/Editor/Data/PlaybackEngines/WindowsStandaloneSupport/UnityEditor.WindowsStandalone.Extensions.dll
Registered in 0.002479 seconds.
Native extension for WindowsStandalone target not found
Refreshing native plugins compatible for Editor in 43.92 ms, found 1 plugins.
Preloading 0 native plugins for Editor in 0.00 ms.
Invoked RoslynAnalysisRunner static constructor.
RoslynAnalysisRunner will not be running.
RoslynAnalysisRunner has terminated.
Mono: successfully reloaded assembly
- Completed reload, in  1.418 seconds
Platform modules already initialized, skipping
Registering precompiled user dll's ...
Registered in 0.002006 seconds.
Begin MonoManager ReloadAssembly
Native extension for WindowsStandalone target not found
Refreshing native plugins compatible for Editor in 37.17 ms, found 1 plugins.
Preloading 0 native plugins for Editor in 0.00 ms.
Invoked RoslynAnalysisRunner static constructor.
RoslynAnalysisRunner will not be running.
RoslynAnalysisRunner has terminated.
Mono: successfully reloaded assembly
- Completed reload, in  2.999 seconds
Platform modules already initialized, skipping
========================================================================
Worker process is ready to serve import requests
Launched and connected shader compiler UnityShaderCompiler.exe after 0.12 seconds
Refreshing native plugins compatible for Editor in 0.76 ms, found 1 plugins.
Preloading 0 native plugins for Editor in 0.00 ms.
Unloading 1806 Unused Serialized files (Serialized files now loaded: 0)
System memory in use before: 84.6 MB.
System memory in use after: 84.5 MB.

Unloading 24 unused Assets to reduce memory usage. Loaded Objects now: 2248.
Total: 2.456000 ms (FindLiveObjects: 0.333400 ms CreateObjectMapping: 0.104200 ms MarkObjects: 1.877400 ms  DeleteObjects: 0.139800 ms)

========================================================================
Received Import Request.
  path: Assets
  artifactKey: Guid(00000000000000001000000000000000) Importer(815301076,1909f56bfc062723c751e8b465ee728b)
Start importing Assets using Guid(00000000000000001000000000000000) Importer(815301076,1909f56bfc062723c751e8b465ee728b)  -> (artifact id: 'f89434ac489deb914593f829e0a47671') in 0.047270 seconds
  Import took 0.081293 seconds .

========================================================================
Received Import Request.
  Time since last request: 44.805761 seconds.
  path: Assets/Artwork
  artifactKey: Guid(f83af08c7b4fa874abb69743c88edc75) Importer(815301076,1909f56bfc062723c751e8b465ee728b)
Start importing Assets/Artwork using Guid(f83af08c7b4fa874abb69743c88edc75) Importer(815301076,1909f56bfc062723c751e8b465ee728b)  -> (artifact id: '2c47d0647c21fa818c81c49c89fa3741') in 0.010311 seconds
  Import took 0.025646 seconds .

========================================================================
Received Import Request.
  Time since last request: 14.369375 seconds.
  path: Assets/Artwork/Animations
  artifactKey: Guid(448a5ec4ba0b17242a5d47c81fbbfb4a) Importer(815301076,1909f56bfc062723c751e8b465ee728b)
Start importing Assets/Artwork/Animations using Guid(448a5ec4ba0b17242a5d47c81fbbfb4a) Importer(815301076,1909f56bfc062723c751e8b465ee728b)  -> (artifact id: '655fd5f2acd5363cd80a9c62fc28e9a4') in 0.011254 seconds
  Import took 0.015255 seconds .

========================================================================
Received Import Request.
  Time since last request: 13.270185 seconds.
  path: Assets/Artwork/Animations/New Folder
  artifactKey: Guid(5df13db37c58f264395a2175102cd702) Importer(815301076,1909f56bfc062723c751e8b465ee728b)
Start importing Assets/Artwork/Animations/New Folder using Guid(5df13db37c58f264395a2175102cd702) Importer(815301076,1909f56bfc062723c751e8b465ee728b)  -> (artifact id: 'a880014a4a247caac76a6c7066d9eadd') in 0.014107 seconds
  Import took 0.054267 seconds .

========================================================================
Received Import Request.
  Time since last request: 16.028329 seconds.
  path: Assets/Artwork/Levels
  artifactKey: Guid(6cfb1da8faef2184cb4995d6199cf43f) Importer(815301076,1909f56bfc062723c751e8b465ee728b)
Start importing Assets/Artwork/Levels using Guid(6cfb1da8faef2184cb4995d6199cf43f) Importer(815301076,1909f56bfc062723c751e8b465ee728b)  -> (artifact id: '822789be80543c76ea103215daa1b9d7') in 0.014474 seconds
  Import took 0.020385 seconds .

========================================================================
Received Import Request.
  Time since last request: 50.022698 seconds.
  path: Assets/Prefabs
  artifactKey: Guid(5bf6df10690593a47973e5b312bd1210) Importer(815301076,1909f56bfc062723c751e8b465ee728b)
Start importing Assets/Prefabs using Guid(5bf6df10690593a47973e5b312bd1210) Importer(815301076,1909f56bfc062723c751e8b465ee728b)  -> (artifact id: 'ccd84867634b63b41b2242a1be349069') in 0.012535 seconds
  Import took 0.061401 seconds .

========================================================================
Received Import Request.
  Time since last request: 24.274055 seconds.
  path: Assets/Scripts
  artifactKey: Guid(c4898ca30c065ed4f80723b36e200bf7) Importer(815301076,1909f56bfc062723c751e8b465ee728b)
Start importing Assets/Scripts using Guid(c4898ca30c065ed4f80723b36e200bf7) Importer(815301076,1909f56bfc062723c751e8b465ee728b)  -> (artifact id: '1b6d187a33f2cad864703e0733a27bb7') in 0.014214 seconds
  Import took 0.025303 seconds .

